build/outputs/logs/manifest-merger-debug-report.txt
-- Merging decision tree log ---
manifest
ADDED from SMSapp\AndroidManifest.xml:2:1-36:12
	package
		ADDED from SMSapp\AndroidManifest.xml:3:11-39
	android:versionName
		ADDED from SMSapp\AndroidManifest.xml:5:11-36
		INJECTED from SMSapp\AndroidManifest.xml
		INJECTED from SMSapp\AndroidManifest.xml
	android:versionCode
		ADDED from SMSapp\AndroidManifest.xml:4:11-34
		INJECTED from SMSapp\AndroidManifest.xml
		INJECTED from SMSapp\AndroidManifest.xml
	xmlns:android
		ADDED from SMSapp\AndroidManifest.xml:2:11-69
uses-sdk
ADDED from SMSapp\AndroidManifest.xml:7:5-9:44
	android:targetSdkVersion
		ADDED from SMSapp\AndroidManifest.xml:9:13-42
	android:minSdkVersion
		ADDED from SMSapp\AndroidManifest.xml:8:13-39
uses-permission#android.permission.READ_SMS
ADDED from SMSapp\AndroidManifest.xml:11:5-66
	android:name
		ADDED from SMSapp\AndroidManifest.xml:11:22-64
uses-permission#android.permission.READ_CONTACTS
ADDED from SMSapp\AndroidManifest.xml:12:5-71
	android:name
		ADDED from SMSapp\AndroidManifest.xml:12:22-69
uses-permission#android.permission.SEND_SMS
ADDED from SMSapp\AndroidManifest.xml:13:1-63
	android:name
		ADDED from SMSapp\AndroidManifest.xml:13:18-60
application
ADDED from SMSapp\AndroidManifest.xml:14:5-34:19
	android:label
		ADDED from SMSapp\AndroidManifest.xml:17:13-45
	android:allowBackup
		ADDED from SMSapp\AndroidManifest.xml:15:13-39
	android:icon
		ADDED from SMSapp\AndroidManifest.xml:16:13-49
	android:theme
		ADDED from SMSapp\AndroidManifest.xml:18:13-44
activity#com.example.smsapp.MainActivity
ADDED from SMSapp\AndroidManifest.xml:19:9-28:20
	android:label
		ADDED from SMSapp\AndroidManifest.xml:21:17-49
	android:launchMode
		ADDED from SMSapp\AndroidManifest.xml:22:17-48
	android:name
		ADDED from SMSapp\AndroidManifest.xml:20:17-45
intent-filter#android.intent.action.MAIN+android.intent.category.LAUNCHER
ADDED from SMSapp\AndroidManifest.xml:23:13-27:29
action#android.intent.action.MAIN
ADDED from SMSapp\AndroidManifest.xml:24:17-68
	android:name
		ADDED from SMSapp\AndroidManifest.xml:24:25-66
category#android.intent.category.LAUNCHER
ADDED from SMSapp\AndroidManifest.xml:26:17-76
	android:name
		ADDED from SMSapp\AndroidManifest.xml:26:27-74
activity#com.example.smsapp.SmsActivity
ADDED from SMSapp\AndroidManifest.xml:29:9-33:20
	android:label
		ADDED from SMSapp\AndroidManifest.xml:32:17-59
	android:launchMode
		ADDED from SMSapp\AndroidManifest.xml:31:17-48
	android:name
		ADDED from SMSapp\AndroidManifest.xml:30:17-44